<?xml version="1.0" encoding="UTF-8"?>
<!-- Generated by org.testng.reporters.JUnitReportReporter -->
<testsuite hostname="Ipek-MacBook-Pro.local" failures="0" tests="2" name="org.selenium.pageobject.tests.CheckoutTests" time="48.386" errors="0" timestamp="2022-07-15T18:17:57 TRT" skipped="0">
  <testcase classname="org.selenium.pageobject.tests.CheckoutTests" name="guestCheckoutUsingDirectBankTransfer" time="25.691"/>
  <system-out/>
  <testcase classname="org.selenium.pageobject.tests.CheckoutTests" name="loginAndCheckoutUsingDirectBankTransfer" time="22.695"/>
  <system-out/>
</testsuite> <!-- org.selenium.pageobject.tests.CheckoutTests -->
