<?xml version="1.0" encoding="UTF-8"?>
<!-- Generated by org.testng.reporters.JUnitReportReporter -->
<testsuite hostname="Ipek-MacBook-Pro.local" failures="0" tests="2" name="org.selenium.pageobject.tests.CheckoutTest" time="98.491" errors="0" timestamp="2022-07-31T23:10:20 TRT" skipped="0">
  <testcase classname="org.selenium.pageobject.tests.CheckoutTest" name="loginAndCheckoutUsingDirectBankTransfer" time="51.009"/>
  <system-out/>
  <testcase classname="org.selenium.pageobject.tests.CheckoutTest" name="guestCheckoutUsingDirectBankTransfer" time="47.482"/>
  <system-out/>
</testsuite> <!-- org.selenium.pageobject.tests.CheckoutTest -->
