<?xml version="1.0" encoding="UTF-8"?>
<!-- Generated by org.testng.reporters.JUnitReportReporter -->
<testsuite hostname="Ipek-MacBook-Pro.local" failures="0" tests="1" name="org.selenium.pageobject.tests.LoginTest" time="43.444" errors="0" timestamp="2022-07-31T23:10:20 TRT" skipped="0">
  <testcase classname="org.selenium.pageobject.tests.LoginTest" name="loginDuringCheckout" time="43.444"/>
  <system-out/>
</testsuite> <!-- org.selenium.pageobject.tests.LoginTest -->
